
Showing logs for build [32mcb-kubecd-environment-pr-187-18-4xnbm-1[0m stage [32mfrom-build-pack[0m and container [32mstep-credential-initializer-9ggrx[0m
{"level":"warn","ts":1585100545.968565,"logger":"fallback-logger","caller":"logging/config.go:69","msg":"Fetch GitHub commit ID from kodata failed: \"ref: refs/heads/0.8.0-**-support-backwards-incompats\" is not a valid GitHub commit ID"}
{"level":"info","ts":1585100545.9691389,"logger":"fallback-logger","caller":"creds-init/main.go:40","msg":"Credentials initialized."}

Showing logs for build [32mcb-kubecd-environment-pr-187-18-4xnbm-1[0m stage [32mfrom-build-pack[0m and container [32mstep-working-dir-initializer-7ms4m[0m
{"level":"warn","ts":1585100547.477419,"logger":"fallback-logger","caller":"logging/config.go:69","msg":"Fetch GitHub commit ID from kodata failed: open /var/run/ko/HEAD: no such file or directory"}
{"level":"info","ts":1585100547.4796004,"logger":"fallback-logger","caller":"bash/main.go:64","msg":"Successfully executed command \"sh -c mkdir -p /workspace/source\"; output "}

Showing logs for build [32mcb-kubecd-environment-pr-187-18-4xnbm-1[0m stage [32mfrom-build-pack[0m and container [32mstep-place-tools[0m

Showing logs for build [32mcb-kubecd-environment-pr-187-18-4xnbm-1[0m stage [32mfrom-build-pack[0m and container [32mstep-git-source-cb-kubecd-environment-pr-187-18-4xnbm-wkdlt[0m
{"level":"warn","ts":1585100552.7207804,"logger":"fallback-logger","caller":"logging/config.go:69","msg":"Fetch GitHub commit ID from kodata failed: \"ref: refs/heads/0.8.0-**-support-backwards-incompats\" is not a valid GitHub commit ID"}
{"level":"info","ts":1585100553.8862088,"logger":"fallback-logger","caller":"git/git.go:103","msg":"Successfully cloned https://github.com/cb-kubecd/environment-pr-187-189-boot-gke-staging.git @ master in path /workspace/source"}

Showing logs for build [32mcb-kubecd-environment-pr-187-18-4xnbm-1[0m stage [32mfrom-build-pack[0m and container [32mstep-git-merge[0m
Using SHAs from PULL_REFS=master:cb1e6782ff66da7fa65f781dc4d2d3b80fc38c6d,7:3d2f4c592c29df5b1ad36417071594eb4e98395d
DEBUG: LC_ALL=C JX_LOG_LEVEL=error git fetch origin --unshallow 3d2f4c592c29df5b1ad36417071594eb4e98395d: cb1e6782ff66da7fa65f781dc4d2d3b80fc38c6d:
DEBUG: ran git fetch --unshallow origin 3d2f4c592c29df5b1ad36417071594eb4e98395d: cb1e6782ff66da7fa65f781dc4d2d3b80fc38c6d: in 
DEBUG: LC_ALL=C JX_LOG_LEVEL=error git branch
DEBUG: LC_ALL=C JX_LOG_LEVEL=error git checkout master
DEBUG: ran git checkout master in 
DEBUG: LC_ALL=C JX_LOG_LEVEL=error git reset --hard cb1e6782ff66da7fa65f781dc4d2d3b80fc38c6d
DEBUG: ran git reset --hard cb1e6782ff66da7fa65f781dc4d2d3b80fc38c6d in 
DEBUG: LC_ALL=C JX_LOG_LEVEL=error git clean -fd .
DEBUG: ran clean --force -d . in 
DEBUG: LC_ALL=C JX_LOG_LEVEL=error git merge 3d2f4c592c29df5b1ad36417071594eb4e98395d
DEBUG: ran git merge 3d2f4c592c29df5b1ad36417071594eb4e98395d in 
DEBUG: LC_ALL=C JX_LOG_LEVEL=error git log --format=%H%x1f%an%x1f%ae%x1f%cn%x1f%ce%x1f%s%n%b%x1e cb1e6782ff66da7fa65f781dc4d2d3b80fc38c6d..HEAD
Merged SHA 3d2f4c592c29df5b1ad36417071594eb4e98395d with commit message 'chore: Promote bdd-sbhg-import-1585099290 to version 0.0.1' into base branch master

Showing logs for build [32mcb-kubecd-environment-pr-187-18-4xnbm-1[0m stage [32mfrom-build-pack[0m and container [32mstep-build-helm-build[0m
WARNING: No $CHART_REPOSITORY defined so using the default value of: http://jenkins-x-chartmuseum:8080
Adding missing Helm repo: storage.googleapis.com https://storage.googleapis.com/chartmuseum.jenkins-x.io
WARNING: No secrets found on "helm/repos" due: reading the secret "helm/repos" from vault: no secret "helm/repos" not found in vault
Read credentials for https://storage.googleapis.com/chartmuseum.jenkins-x.io from vault helm/repos
Successfully added Helm repository storage.googleapis.com.
Adding missing Helm repo: jenkins-x-chartmuseum http://jenkins-x-chartmuseum:8080
WARNING: No secrets found on "helm/repos" due: reading the secret "helm/repos" from vault: no secret "helm/repos" not found in vault
Read credentials for http://jenkins-x-chartmuseum:8080 from vault helm/repos
Successfully added Helm repository jenkins-x-chartmuseum.
WARNING: No $CHART_REPOSITORY defined so using the default value of: http://jenkins-x-chartmuseum:8080
Adding missing Helm repo: chartmuseum.jenkins-x.io http://chartmuseum.jenkins-x.io
WARNING: No secrets found on "helm/repos" due: reading the secret "helm/repos" from vault: no secret "helm/repos" not found in vault
Read credentials for http://chartmuseum.jenkins-x.io from vault helm/repos
Successfully added Helm repository chartmuseum.jenkins-x.io.
