
Showing logs for build [32mcb-kubecd-environment-pr-187-18-cj8pv-1[0m stage [32mfrom-build-pack[0m and container [32mstep-credential-initializer-kkfvb[0m
{"level":"warn","ts":1585098833.1384745,"logger":"fallback-logger","caller":"logging/config.go:69","msg":"Fetch GitHub commit ID from kodata failed: \"ref: refs/heads/0.8.0-**-support-backwards-incompats\" is not a valid GitHub commit ID"}
{"level":"info","ts":1585098833.139507,"logger":"fallback-logger","caller":"creds-init/main.go:40","msg":"Credentials initialized."}

Showing logs for build [32mcb-kubecd-environment-pr-187-18-cj8pv-1[0m stage [32mfrom-build-pack[0m and container [32mstep-working-dir-initializer-ht72f[0m
{"level":"warn","ts":1585098834.6498966,"logger":"fallback-logger","caller":"logging/config.go:69","msg":"Fetch GitHub commit ID from kodata failed: open /var/run/ko/HEAD: no such file or directory"}
{"level":"info","ts":1585098834.653319,"logger":"fallback-logger","caller":"bash/main.go:64","msg":"Successfully executed command \"sh -c mkdir -p /workspace/source\"; output "}

Showing logs for build [32mcb-kubecd-environment-pr-187-18-cj8pv-1[0m stage [32mfrom-build-pack[0m and container [32mstep-place-tools[0m

Showing logs for build [32mcb-kubecd-environment-pr-187-18-cj8pv-1[0m stage [32mfrom-build-pack[0m and container [32mstep-git-source-cb-kubecd-environment-pr-187-18-cj8pv-wrtgs[0m
{"level":"warn","ts":1585098840.95271,"logger":"fallback-logger","caller":"logging/config.go:69","msg":"Fetch GitHub commit ID from kodata failed: \"ref: refs/heads/0.8.0-**-support-backwards-incompats\" is not a valid GitHub commit ID"}
{"level":"info","ts":1585098842.1720622,"logger":"fallback-logger","caller":"git/git.go:103","msg":"Successfully cloned https://github.com/cb-kubecd/environment-pr-187-189-boot-gke-staging.git @ master in path /workspace/source"}

Showing logs for build [32mcb-kubecd-environment-pr-187-18-cj8pv-1[0m stage [32mfrom-build-pack[0m and container [32mstep-git-merge[0m
Using SHAs from PULL_REFS=master:d17ac5ff41c0a8866a2b3578d1db523cdf3bc961,4:ef374f2b9d0913e21f3f51d2d7b29b6a0e995b47
DEBUG: JX_LOG_LEVEL=error LC_ALL=C git fetch origin --unshallow ef374f2b9d0913e21f3f51d2d7b29b6a0e995b47: d17ac5ff41c0a8866a2b3578d1db523cdf3bc961:
DEBUG: ran git fetch --unshallow origin ef374f2b9d0913e21f3f51d2d7b29b6a0e995b47: d17ac5ff41c0a8866a2b3578d1db523cdf3bc961: in 
DEBUG: LC_ALL=C JX_LOG_LEVEL=error git branch
DEBUG: LC_ALL=C JX_LOG_LEVEL=error git checkout master
DEBUG: ran git checkout master in 
DEBUG: LC_ALL=C JX_LOG_LEVEL=error git reset --hard d17ac5ff41c0a8866a2b3578d1db523cdf3bc961
DEBUG: ran git reset --hard d17ac5ff41c0a8866a2b3578d1db523cdf3bc961 in 
DEBUG: LC_ALL=C JX_LOG_LEVEL=error git clean -fd .
DEBUG: ran clean --force -d . in 
DEBUG: LC_ALL=C JX_LOG_LEVEL=error git merge ef374f2b9d0913e21f3f51d2d7b29b6a0e995b47
DEBUG: ran git merge ef374f2b9d0913e21f3f51d2d7b29b6a0e995b47 in 
DEBUG: LC_ALL=C JX_LOG_LEVEL=error git log --format=%H%x1f%an%x1f%ae%x1f%cn%x1f%ce%x1f%s%n%b%x1e d17ac5ff41c0a8866a2b3578d1db523cdf3bc961..HEAD
Merged SHA ef374f2b9d0913e21f3f51d2d7b29b6a0e995b47 with commit message 'chore: Promote bdd-gh-1585097124 to version 0.0.1' into base branch master

Showing logs for build [32mcb-kubecd-environment-pr-187-18-cj8pv-1[0m stage [32mfrom-build-pack[0m and container [32mstep-build-helm-build[0m
WARNING: No $CHART_REPOSITORY defined so using the default value of: http://jenkins-x-chartmuseum:8080
Adding missing Helm repo: storage.googleapis.com https://storage.googleapis.com/chartmuseum.jenkins-x.io
WARNING: No secrets found on "helm/repos" due: reading the secret "helm/repos" from vault: no secret "helm/repos" not found in vault
Read credentials for https://storage.googleapis.com/chartmuseum.jenkins-x.io from vault helm/repos
Successfully added Helm repository storage.googleapis.com.
Adding missing Helm repo: jenkins-x-chartmuseum http://jenkins-x-chartmuseum:8080
WARNING: No secrets found on "helm/repos" due: reading the secret "helm/repos" from vault: no secret "helm/repos" not found in vault
Read credentials for http://jenkins-x-chartmuseum:8080 from vault helm/repos
Successfully added Helm repository jenkins-x-chartmuseum.
WARNING: No $CHART_REPOSITORY defined so using the default value of: http://jenkins-x-chartmuseum:8080
Adding missing Helm repo: chartmuseum.jenkins-x.io http://chartmuseum.jenkins-x.io
WARNING: No secrets found on "helm/repos" due: reading the secret "helm/repos" from vault: no secret "helm/repos" not found in vault
Read credentials for http://chartmuseum.jenkins-x.io from vault helm/repos
Successfully added Helm repository chartmuseum.jenkins-x.io.
