
Showing logs for build [32mcb-kubecd-environment-pr-187-18-ctg7p-1[0m stage [32mfrom-build-pack[0m and container [32mstep-credential-initializer-qgksb[0m
{"level":"warn","ts":1585099964.5365057,"logger":"fallback-logger","caller":"logging/config.go:69","msg":"Fetch GitHub commit ID from kodata failed: \"ref: refs/heads/0.8.0-**-support-backwards-incompats\" is not a valid GitHub commit ID"}
{"level":"info","ts":1585099964.5421455,"logger":"fallback-logger","caller":"creds-init/main.go:40","msg":"Credentials initialized."}

Showing logs for build [32mcb-kubecd-environment-pr-187-18-ctg7p-1[0m stage [32mfrom-build-pack[0m and container [32mstep-working-dir-initializer-r42v9[0m
{"level":"warn","ts":1585099966.337336,"logger":"fallback-logger","caller":"logging/config.go:69","msg":"Fetch GitHub commit ID from kodata failed: open /var/run/ko/HEAD: no such file or directory"}
{"level":"info","ts":1585099966.3456302,"logger":"fallback-logger","caller":"bash/main.go:64","msg":"Successfully executed command \"sh -c mkdir -p /workspace/source\"; output "}

Showing logs for build [32mcb-kubecd-environment-pr-187-18-ctg7p-1[0m stage [32mfrom-build-pack[0m and container [32mstep-place-tools[0m

Showing logs for build [32mcb-kubecd-environment-pr-187-18-ctg7p-1[0m stage [32mfrom-build-pack[0m and container [32mstep-git-source-cb-kubecd-environment-pr-187-18-ctg7p-4lnx4[0m
{"level":"warn","ts":1585099972.6215687,"logger":"fallback-logger","caller":"logging/config.go:69","msg":"Fetch GitHub commit ID from kodata failed: \"ref: refs/heads/0.8.0-**-support-backwards-incompats\" is not a valid GitHub commit ID"}
{"level":"info","ts":1585099973.8190324,"logger":"fallback-logger","caller":"git/git.go:103","msg":"Successfully cloned https://github.com/cb-kubecd/environment-pr-187-189-boot-gke-staging.git @ master in path /workspace/source"}

Showing logs for build [32mcb-kubecd-environment-pr-187-18-ctg7p-1[0m stage [32mfrom-build-pack[0m and container [32mstep-git-merge[0m
Using SHAs from PULL_REFS=master:7c1b54875e7c2faa7776924dd782cc7767d2323d,6:2a4fd0edef3bea48d2a4f2f229edd9ea461a45c1
DEBUG: LC_ALL=C JX_LOG_LEVEL=error git fetch origin --unshallow 2a4fd0edef3bea48d2a4f2f229edd9ea461a45c1: 7c1b54875e7c2faa7776924dd782cc7767d2323d:
DEBUG: ran git fetch --unshallow origin 2a4fd0edef3bea48d2a4f2f229edd9ea461a45c1: 7c1b54875e7c2faa7776924dd782cc7767d2323d: in 
DEBUG: LC_ALL=C JX_LOG_LEVEL=error git branch
DEBUG: LC_ALL=C JX_LOG_LEVEL=error git checkout master
DEBUG: ran git checkout master in 
DEBUG: LC_ALL=C JX_LOG_LEVEL=error git reset --hard 7c1b54875e7c2faa7776924dd782cc7767d2323d
DEBUG: ran git reset --hard 7c1b54875e7c2faa7776924dd782cc7767d2323d in 
DEBUG: LC_ALL=C JX_LOG_LEVEL=error git clean -fd .
DEBUG: ran clean --force -d . in 
DEBUG: LC_ALL=C JX_LOG_LEVEL=error git merge 2a4fd0edef3bea48d2a4f2f229edd9ea461a45c1
DEBUG: ran git merge 2a4fd0edef3bea48d2a4f2f229edd9ea461a45c1 in 
DEBUG: LC_ALL=C JX_LOG_LEVEL=error git log --format=%H%x1f%an%x1f%ae%x1f%cn%x1f%ce%x1f%s%n%b%x1e 7c1b54875e7c2faa7776924dd782cc7767d2323d..HEAD
Merged SHA 2a4fd0edef3bea48d2a4f2f229edd9ea461a45c1 with commit message 'chore: Promote bdd-nh-import-1585099290 to version 0.0.1' into base branch master

Showing logs for build [32mcb-kubecd-environment-pr-187-18-ctg7p-1[0m stage [32mfrom-build-pack[0m and container [32mstep-build-helm-build[0m
WARNING: No $CHART_REPOSITORY defined so using the default value of: http://jenkins-x-chartmuseum:8080
Adding missing Helm repo: storage.googleapis.com https://storage.googleapis.com/chartmuseum.jenkins-x.io
WARNING: No secrets found on "helm/repos" due: reading the secret "helm/repos" from vault: no secret "helm/repos" not found in vault
Read credentials for https://storage.googleapis.com/chartmuseum.jenkins-x.io from vault helm/repos
Successfully added Helm repository storage.googleapis.com.
Adding missing Helm repo: jenkins-x-chartmuseum http://jenkins-x-chartmuseum:8080
WARNING: No secrets found on "helm/repos" due: reading the secret "helm/repos" from vault: no secret "helm/repos" not found in vault
Read credentials for http://jenkins-x-chartmuseum:8080 from vault helm/repos
Successfully added Helm repository jenkins-x-chartmuseum.
WARNING: No $CHART_REPOSITORY defined so using the default value of: http://jenkins-x-chartmuseum:8080
Adding missing Helm repo: chartmuseum.jenkins-x.io http://chartmuseum.jenkins-x.io
WARNING: No secrets found on "helm/repos" due: reading the secret "helm/repos" from vault: no secret "helm/repos" not found in vault
Read credentials for http://chartmuseum.jenkins-x.io from vault helm/repos
Successfully added Helm repository chartmuseum.jenkins-x.io.
