
Showing logs for build [32mcb-kubecd-environment-pr-187-18-tm2l9-1[0m stage [32mfrom-build-pack[0m and container [32mstep-credential-initializer-v6fl5[0m
{"level":"warn","ts":1585097433.828698,"logger":"fallback-logger","caller":"logging/config.go:69","msg":"Fetch GitHub commit ID from kodata failed: \"ref: refs/heads/0.8.0-**-support-backwards-incompats\" is not a valid GitHub commit ID"}
{"level":"info","ts":1585097433.8305337,"logger":"fallback-logger","caller":"creds-init/main.go:40","msg":"Credentials initialized."}

Showing logs for build [32mcb-kubecd-environment-pr-187-18-tm2l9-1[0m stage [32mfrom-build-pack[0m and container [32mstep-working-dir-initializer-gctcd[0m
{"level":"warn","ts":1585097434.8426704,"logger":"fallback-logger","caller":"logging/config.go:69","msg":"Fetch GitHub commit ID from kodata failed: open /var/run/ko/HEAD: no such file or directory"}
{"level":"info","ts":1585097434.8443468,"logger":"fallback-logger","caller":"bash/main.go:64","msg":"Successfully executed command \"sh -c mkdir -p /workspace/source\"; output "}

Showing logs for build [32mcb-kubecd-environment-pr-187-18-tm2l9-1[0m stage [32mfrom-build-pack[0m and container [32mstep-place-tools[0m

Showing logs for build [32mcb-kubecd-environment-pr-187-18-tm2l9-1[0m stage [32mfrom-build-pack[0m and container [32mstep-git-source-cb-kubecd-environment-pr-187-18-tm2l9-bl8l5[0m
{"level":"warn","ts":1585097439.0700715,"logger":"fallback-logger","caller":"logging/config.go:69","msg":"Fetch GitHub commit ID from kodata failed: \"ref: refs/heads/0.8.0-**-support-backwards-incompats\" is not a valid GitHub commit ID"}
{"level":"info","ts":1585097440.1305,"logger":"fallback-logger","caller":"git/git.go:103","msg":"Successfully cloned https://github.com/cb-kubecd/environment-pr-187-189-boot-gke-staging.git @ master in path /workspace/source"}

Showing logs for build [32mcb-kubecd-environment-pr-187-18-tm2l9-1[0m stage [32mfrom-build-pack[0m and container [32mstep-git-merge[0m
Using SHAs from PULL_REFS=master:5315c12d29de6d8a2d61bde6db480681fb575235,2:c61b45239335fc314ed4cc3a1686ca638c80d545
DEBUG: JX_LOG_LEVEL=error LC_ALL=C git fetch origin --unshallow c61b45239335fc314ed4cc3a1686ca638c80d545: 5315c12d29de6d8a2d61bde6db480681fb575235:
DEBUG: ran git fetch --unshallow origin c61b45239335fc314ed4cc3a1686ca638c80d545: 5315c12d29de6d8a2d61bde6db480681fb575235: in 
DEBUG: LC_ALL=C JX_LOG_LEVEL=error git branch
DEBUG: LC_ALL=C JX_LOG_LEVEL=error git checkout master
DEBUG: ran git checkout master in 
DEBUG: LC_ALL=C JX_LOG_LEVEL=error git reset --hard 5315c12d29de6d8a2d61bde6db480681fb575235
DEBUG: ran git reset --hard 5315c12d29de6d8a2d61bde6db480681fb575235 in 
DEBUG: LC_ALL=C JX_LOG_LEVEL=error git clean -fd .
DEBUG: ran clean --force -d . in 
DEBUG: LC_ALL=C JX_LOG_LEVEL=error git merge c61b45239335fc314ed4cc3a1686ca638c80d545
DEBUG: ran git merge c61b45239335fc314ed4cc3a1686ca638c80d545 in 
DEBUG: LC_ALL=C JX_LOG_LEVEL=error git log --format=%H%x1f%an%x1f%ae%x1f%cn%x1f%ce%x1f%s%n%b%x1e 5315c12d29de6d8a2d61bde6db480681fb575235..HEAD
Merged SHA c61b45239335fc314ed4cc3a1686ca638c80d545 with commit message 'chore: Promote bdd-nh-1585097124 to version 0.0.1' into base branch master

Showing logs for build [32mcb-kubecd-environment-pr-187-18-tm2l9-1[0m stage [32mfrom-build-pack[0m and container [32mstep-build-helm-build[0m
WARNING: No $CHART_REPOSITORY defined so using the default value of: http://jenkins-x-chartmuseum:8080
Adding missing Helm repo: storage.googleapis.com https://storage.googleapis.com/chartmuseum.jenkins-x.io
WARNING: No secrets found on "helm/repos" due: reading the secret "helm/repos" from vault: no secret "helm/repos" not found in vault
Read credentials for https://storage.googleapis.com/chartmuseum.jenkins-x.io from vault helm/repos
Successfully added Helm repository storage.googleapis.com.
Adding missing Helm repo: jenkins-x-chartmuseum http://jenkins-x-chartmuseum:8080
WARNING: No secrets found on "helm/repos" due: reading the secret "helm/repos" from vault: no secret "helm/repos" not found in vault
Read credentials for http://jenkins-x-chartmuseum:8080 from vault helm/repos
Successfully added Helm repository jenkins-x-chartmuseum.
WARNING: No $CHART_REPOSITORY defined so using the default value of: http://jenkins-x-chartmuseum:8080
Adding missing Helm repo: chartmuseum.jenkins-x.io http://chartmuseum.jenkins-x.io
WARNING: No secrets found on "helm/repos" due: reading the secret "helm/repos" from vault: no secret "helm/repos" not found in vault
Read credentials for http://chartmuseum.jenkins-x.io from vault helm/repos
Successfully added Helm repository chartmuseum.jenkins-x.io.
