
Showing logs for build [32mcb-kubecd-environment-pr-187-18-wcwdk-1[0m stage [32mfrom-build-pack[0m and container [32mstep-credential-initializer-pc9rs[0m
{"level":"warn","ts":1585098127.4772968,"logger":"fallback-logger","caller":"logging/config.go:69","msg":"Fetch GitHub commit ID from kodata failed: \"ref: refs/heads/0.8.0-**-support-backwards-incompats\" is not a valid GitHub commit ID"}
{"level":"info","ts":1585098127.4779732,"logger":"fallback-logger","caller":"creds-init/main.go:40","msg":"Credentials initialized."}

Showing logs for build [32mcb-kubecd-environment-pr-187-18-wcwdk-1[0m stage [32mfrom-build-pack[0m and container [32mstep-working-dir-initializer-tdtb5[0m
{"level":"warn","ts":1585098128.9786012,"logger":"fallback-logger","caller":"logging/config.go:69","msg":"Fetch GitHub commit ID from kodata failed: open /var/run/ko/HEAD: no such file or directory"}
{"level":"info","ts":1585098128.980691,"logger":"fallback-logger","caller":"bash/main.go:64","msg":"Successfully executed command \"sh -c mkdir -p /workspace/source\"; output "}

Showing logs for build [32mcb-kubecd-environment-pr-187-18-wcwdk-1[0m stage [32mfrom-build-pack[0m and container [32mstep-place-tools[0m

Showing logs for build [32mcb-kubecd-environment-pr-187-18-wcwdk-1[0m stage [32mfrom-build-pack[0m and container [32mstep-git-source-cb-kubecd-environment-pr-187-18-wcwdk-rpf2s[0m
{"level":"warn","ts":1585098134.6290548,"logger":"fallback-logger","caller":"logging/config.go:69","msg":"Fetch GitHub commit ID from kodata failed: \"ref: refs/heads/0.8.0-**-support-backwards-incompats\" is not a valid GitHub commit ID"}
{"level":"info","ts":1585098135.6840408,"logger":"fallback-logger","caller":"git/git.go:103","msg":"Successfully cloned https://github.com/cb-kubecd/environment-pr-187-189-boot-gke-staging.git @ master in path /workspace/source"}

Showing logs for build [32mcb-kubecd-environment-pr-187-18-wcwdk-1[0m stage [32mfrom-build-pack[0m and container [32mstep-git-merge[0m
Using SHAs from PULL_REFS=master:4d15a1a18e63c07fd1f71ef3b9a3c5500bb09d56,3:e51d724ea43064808974c139013b0fdf49c26616
DEBUG: JX_LOG_LEVEL=error LC_ALL=C git fetch origin --unshallow e51d724ea43064808974c139013b0fdf49c26616: 4d15a1a18e63c07fd1f71ef3b9a3c5500bb09d56:
DEBUG: ran git fetch --unshallow origin e51d724ea43064808974c139013b0fdf49c26616: 4d15a1a18e63c07fd1f71ef3b9a3c5500bb09d56: in 
DEBUG: LC_ALL=C JX_LOG_LEVEL=error git branch
DEBUG: LC_ALL=C JX_LOG_LEVEL=error git checkout master
DEBUG: ran git checkout master in 
DEBUG: LC_ALL=C JX_LOG_LEVEL=error git reset --hard 4d15a1a18e63c07fd1f71ef3b9a3c5500bb09d56
DEBUG: ran git reset --hard 4d15a1a18e63c07fd1f71ef3b9a3c5500bb09d56 in 
DEBUG: LC_ALL=C JX_LOG_LEVEL=error git clean -fd .
DEBUG: ran clean --force -d . in 
DEBUG: LC_ALL=C JX_LOG_LEVEL=error git merge e51d724ea43064808974c139013b0fdf49c26616
DEBUG: ran git merge e51d724ea43064808974c139013b0fdf49c26616 in 
DEBUG: LC_ALL=C JX_LOG_LEVEL=error git log --format=%H%x1f%an%x1f%ae%x1f%cn%x1f%ce%x1f%s%n%b%x1e 4d15a1a18e63c07fd1f71ef3b9a3c5500bb09d56..HEAD
Merged SHA e51d724ea43064808974c139013b0fdf49c26616 with commit message 'chore: Promote bdd-sbhg-1585097124 to version 0.0.1' into base branch master

Showing logs for build [32mcb-kubecd-environment-pr-187-18-wcwdk-1[0m stage [32mfrom-build-pack[0m and container [32mstep-build-helm-build[0m
WARNING: No $CHART_REPOSITORY defined so using the default value of: http://jenkins-x-chartmuseum:8080
Adding missing Helm repo: storage.googleapis.com https://storage.googleapis.com/chartmuseum.jenkins-x.io
WARNING: No secrets found on "helm/repos" due: reading the secret "helm/repos" from vault: no secret "helm/repos" not found in vault
Read credentials for https://storage.googleapis.com/chartmuseum.jenkins-x.io from vault helm/repos
Successfully added Helm repository storage.googleapis.com.
Adding missing Helm repo: jenkins-x-chartmuseum http://jenkins-x-chartmuseum:8080
WARNING: No secrets found on "helm/repos" due: reading the secret "helm/repos" from vault: no secret "helm/repos" not found in vault
Read credentials for http://jenkins-x-chartmuseum:8080 from vault helm/repos
Successfully added Helm repository jenkins-x-chartmuseum.
WARNING: No $CHART_REPOSITORY defined so using the default value of: http://jenkins-x-chartmuseum:8080
Adding missing Helm repo: chartmuseum.jenkins-x.io http://chartmuseum.jenkins-x.io
WARNING: No secrets found on "helm/repos" due: reading the secret "helm/repos" from vault: no secret "helm/repos" not found in vault
Read credentials for http://chartmuseum.jenkins-x.io from vault helm/repos
Successfully added Helm repository chartmuseum.jenkins-x.io.
